<?xml version="1.0" encoding="UTF-8"?>
<!-- Generated by org.testng.reporters.JUnitReportReporter -->
<testsuite hostname="DESKTOP-P3V62PD" failures="0" tests="5" name="com.selenium.testNG.TestNgOrderExecution" time="0.013" errors="0" timestamp="2024-04-28T22:21:14 IST" skipped="1">
  <testcase classname="com.selenium.testNG.TestNgOrderExecution" name="z" time="0.002"/>
  <testcase classname="com.selenium.testNG.TestNgOrderExecution" name="c" time="0.009"/>
  <testcase classname="com.selenium.testNG.TestNgOrderExecution" name="v" time="0.001"/>
  <testcase classname="com.selenium.testNG.TestNgOrderExecution" name="m" time="0.001"/>
  <testcase classname="com.selenium.testNG.TestNgOrderExecution" name="d">
    <skipped/>
  </testcase> <!-- d -->
</testsuite> <!-- com.selenium.testNG.TestNgOrderExecution -->
