<?xml version="1.0" encoding="UTF-8"?>
<!-- Generated by org.testng.reporters.JUnitReportReporter -->
<testsuite hostname="DESKTOP-P3V62PD" failures="0" tests="1" name="com.selenium.testNG.ParameterPassByOptionalClassLevel" time="0.012" errors="0" timestamp="2024-04-30T19:54:53 IST" skipped="0">
  <testcase classname="com.selenium.testNG.ParameterPassByOptionalClassLevel" name="parameterOptionalPass" time="0.012"/>
</testsuite> <!-- com.selenium.testNG.ParameterPassByOptionalClassLevel -->
