<?xml version="1.0" encoding="UTF-8"?>
<!-- Generated by org.testng.reporters.JUnitReportReporter -->
<testsuite hostname="DESKTOP-P3V62PD" failures="0" tests="6" name="com.selenium.testNG.GroupInTestNG" time="0.060" errors="0" timestamp="2024-04-28T22:22:21 IST" skipped="0">
  <testcase classname="com.selenium.testNG.GroupInTestNG" name="functional" time="0.004"/>
  <testcase classname="com.selenium.testNG.GroupInTestNG" name="sanity" time="0.006"/>
  <testcase classname="com.selenium.testNG.GroupInTestNG" name="smoke" time="0.007"/>
  <testcase classname="com.selenium.testNG.GroupInTestNG" name="testingfunction" time="0.013"/>
  <testcase classname="com.selenium.testNG.GroupInTestNG" name="regration" time="0.009"/>
  <testcase classname="com.selenium.testNG.GroupInTestNG" name="fuctionalTestCase" time="0.021"/>
</testsuite> <!-- com.selenium.testNG.GroupInTestNG -->
