<?xml version="1.0" encoding="UTF-8"?>
<!-- Generated by org.testng.reporters.JUnitReportReporter -->
<testsuite hostname="DESKTOP-P3V62PD" failures="0" tests="3" name="com.selenium.testNG.TestNGConfigTest" time="0.011" errors="0" timestamp="2024-04-28T22:21:14 IST" skipped="0">
  <testcase classname="com.selenium.testNG.TestNGConfigTest" name="test12" time="0.007"/>
  <testcase classname="com.selenium.testNG.TestNGConfigTest" name="test1" time="0.002"/>
  <testcase classname="com.selenium.testNG.TestNGConfigTest" name="test" time="0.002"/>
</testsuite> <!-- com.selenium.testNG.TestNGConfigTest -->
