<?xml version="1.0" encoding="UTF-8"?>
<!-- Generated by org.testng.reporters.JUnitReportReporter -->
<testsuite hostname="DESKTOP-P3V62PD" failures="0" tests="4" name="com.selenium.testNG.MethodDisableInTestNG" time="0.061" errors="0" timestamp="2024-04-30T18:15:39 IST" skipped="1">
  <testcase classname="com.selenium.testNG.MethodDisableInTestNG" name="test4" time="0.029"/>
  <testcase classname="com.selenium.testNG.MethodDisableInTestNG" name="test2" time="0.007"/>
  <testcase classname="com.selenium.testNG.MethodDisableInTestNG" name="test1" time="0.025"/>
  <testcase classname="com.selenium.testNG.MethodDisableInTestNG" name="test3">
    <skipped/>
  </testcase> <!-- test3 -->
</testsuite> <!-- com.selenium.testNG.MethodDisableInTestNG -->
