<?xml version="1.0" encoding="UTF-8"?>
<!-- Generated by org.testng.reporters.JUnitReportReporter -->
<testsuite hostname="DESKTOP-P3V62PD" failures="0" tests="7" name="com.selenium.testNG.PriorityTest" time="0.018" errors="0" timestamp="2024-04-28T22:21:14 IST" skipped="0">
  <testcase classname="com.selenium.testNG.PriorityTest" name="test1" time="0.002"/>
  <testcase classname="com.selenium.testNG.PriorityTest" name="test4" time="0.001"/>
  <testcase classname="com.selenium.testNG.PriorityTest" name="test6" time="0.002"/>
  <testcase classname="com.selenium.testNG.PriorityTest" name="test3" time="0.002"/>
  <testcase classname="com.selenium.testNG.PriorityTest" name="test5" time="0.002"/>
  <testcase classname="com.selenium.testNG.PriorityTest" name="test2" time="0.005"/>
  <testcase classname="com.selenium.testNG.PriorityTest" name="test" time="0.004"/>
</testsuite> <!-- com.selenium.testNG.PriorityTest -->
